2014/11/14 02:21:50  D  >>
2014/11/14 02:24:42  D  >>
2014/11/14 02:24:42  D    Lancio il database
2014/11/14 02:24:42  D    c:\Program Files (x86)\Sybase\SQL Anywhere 9\win32\dbsrv9.exe  -n dbpg d:\progetti\database\Vergani\gulliver.db -n gulliver -m d:\progetti\database\Vergani\comunicazioni.db -n comunicazioni -m d:\progetti\database\Vergani\semaforo.db -n semaforo
2014/11/14 02:24:42  D  <<
2014/11/17 07:47:08  D  >>
2014/11/17 07:47:08  D    Recupero l'ultimo DB dalla cartella d:\progetti\database
2014/11/17 07:47:11  D    Trovato d:\progetti\database\Copia (1) 20140828_vergani.rar, data 20140829182800
2014/11/17 07:47:11  D    Backup della vecchia cartella d:\progetti\database\Vergani -> 
2014/11/17 07:47:11  E    FetchDB.fetch()::155 | Impossibile fare il backup della cartella d:\progetti\database\Vergani
2014/11/17 07:47:44  D  >>
2014/11/17 07:47:45  D    Recupero l'ultimo DB dalla cartella d:\progetti\database
2014/11/17 07:47:47  D    Trovato d:\progetti\database\Copia (1) 20140828_vergani.rar, data 20140829182800
2014/11/17 07:47:47  D    Backup della vecchia cartella d:\progetti\database\Vergani -> 
2014/11/17 07:47:47  E    FetchDB.fetch()::156 | Impossibile fare il backup della cartella d:\progetti\database\Vergani
2014/11/17 07:48:20  D  >>
2014/11/17 07:48:20  D    Recupero l'ultimo DB dalla cartella d:\progetti\database
2014/11/17 07:48:20  D    Trovato d:\progetti\database\Copia (1) 20140828_vergani.rar, data 20140829182800
2014/11/17 07:48:20  D    Backup della vecchia cartella d:\progetti\database\Vergani -> 
2014/11/17 07:48:20  E    FetchDB.fetch()::154 | Impossibile fare il backup della cartella d:\progetti\database\Vergani
2014/11/17 07:50:25  D  >>
2014/11/17 07:50:25  D    Recupero l'ultimo DB dalla cartella d:\progetti\database
2014/11/17 07:50:25  D    Trovato d:\progetti\database\Copia (1) 20140828_vergani.rar, data 20140829182800
2014/11/17 07:50:25  D    Backup della vecchia cartella d:\progetti\database\Vergani -> 
2014/11/17 07:50:25  D    Creo una nuova directory di destinazione d:\progetti\database\Vergani
2014/11/17 07:50:25  D    Copio il database da d:\progetti\database\Copia (1) 20140828_vergani.rar a d:\progetti\database\Vergani\Copia (1) 20140828_vergani.rar
2014/11/17 07:50:29  D    Il nuovo file archivio è ora d:\progetti\database\Vergani\Copia (1) 20140828_vergani.rar
2014/11/17 07:50:29  D    Scompatto il database in d:\progetti\database\Vergani\Copia (1) 20140828_vergani.rar
2014/11/17 07:50:29  D    "p:\build\Build68_PB11\Tools\7zip\7zip\7z.exe" e -y "d:\progetti\database\Vergani\Copia (1) 20140828_vergani.rar"
2014/11/17 07:51:38  D    Creo la directory cestino d:\progetti\database\Vergani\__cestino
2014/11/17 07:51:38  D    Elimino i file inutili, o rinomino facendo la lower 
2014/11/17 07:51:38  D    Copia (1) 20140828_vergani.rar -> __cestino\Copia (1) 20140828_vergani.rar
2014/11/17 07:51:38  D    Frequente.dbs -> frequente.dbs 
2014/11/17 07:51:38  D    LOG.TXT -> __cestino\LOG.TXT
2014/11/17 07:51:38  D    Semaforo.log -> semaforo.log 
2014/11/17 07:51:38  D    Statico.dbs -> statico.dbs 
2014/11/17 07:51:38  D    Storico.dbs -> storico.dbs 
2014/11/17 07:51:39  D    Volatile.dbs -> volatile.dbs 
2014/11/17 07:51:39  D    DB Comunicazioni non trovato
2014/11/17 07:51:39  D    d:\progetti\database\_comunicazioni\comunicazioni.db -> d:\progetti\database\Vergani
2014/11/17 07:51:47  D    Lancio il database
2014/11/17 07:51:47  D    c:\Program Files (x86)\Sybase\SQL Anywhere 9\win32\dbsrv9.exe  -n dbpg d:\progetti\database\Vergani\gulliver.db -n gulliver -m d:\progetti\database\Vergani\comunicazioni.db -n comunicazioni -m d:\progetti\database\Vergani\semaforo.db -n semaforo
2014/11/17 07:51:48  D  <<
2014/11/18 08:22:00  D  >>
2014/11/18 08:22:00  D    Recupero l'ultimo DB dalla cartella d:\progetti\database
2014/11/18 08:22:00  D    Trovato d:\progetti\database\Copia (1) 20140828_vergani.rar, data 20140829182800
2014/11/18 08:22:00  D    Backup della vecchia cartella d:\progetti\database\Vergani -> 
2014/11/18 08:22:00  D    Creo una nuova directory di destinazione d:\progetti\database\Vergani
2014/11/18 08:22:00  D    Copio il database da d:\progetti\database\Copia (1) 20140828_vergani.rar a d:\progetti\database\Vergani\Copia (1) 20140828_vergani.rar
2014/11/18 08:22:06  D    Il nuovo file archivio è ora d:\progetti\database\Vergani\Copia (1) 20140828_vergani.rar
2014/11/18 08:22:06  D    Scompatto il database in d:\progetti\database\Vergani\Copia (1) 20140828_vergani.rar
2014/11/18 08:22:06  D    "p:\build\Build68_PB11\Tools\7zip\7zip\7z.exe" e -y "d:\progetti\database\Vergani\Copia (1) 20140828_vergani.rar"
2014/11/18 08:23:26  D    Creo la directory cestino d:\progetti\database\Vergani\__cestino
2014/11/18 08:23:26  D    Elimino i file inutili, o rinomino facendo la lower 
2014/11/18 08:23:26  D    Copia (1) 20140828_vergani.rar -> __cestino\Copia (1) 20140828_vergani.rar
2014/11/18 08:23:26  D    Frequente.dbs -> frequente.dbs 
2014/11/18 08:23:27  D    LOG.TXT -> __cestino\LOG.TXT
2014/11/18 08:23:27  D    Semaforo.log -> semaforo.log 
2014/11/18 08:23:27  D    Statico.dbs -> statico.dbs 
2014/11/18 08:23:27  D    Storico.dbs -> storico.dbs 
2014/11/18 08:23:28  D    Volatile.dbs -> volatile.dbs 
2014/11/18 08:23:28  D    DB Comunicazioni non trovato
2014/11/18 08:23:28  D    d:\progetti\database\_comunicazioni\comunicazioni.db -> d:\progetti\database\Vergani
2014/11/18 08:23:36  D    Lancio il database
2014/11/18 08:23:36  D    c:\Program Files (x86)\Sybase\SQL Anywhere 9\win32\dbsrv9.exe  -n dbpg d:\progetti\database\Vergani\gulliver.db -n gulliver -m d:\progetti\database\Vergani\comunicazioni.db -n comunicazioni -m d:\progetti\database\Vergani\semaforo.db -n semaforo
2014/11/18 08:23:36  D  <<
2014/11/18 10:08:27  D  >>
2014/11/18 10:08:27  E    main()::29 | Errore nei parametri di avvio dello script: 
Parametro 1: cliente
2014/11/18 10:09:31  D  >>
2014/11/18 10:09:34  E    main()::47 | L'utente ha cancellato l'esecuzione
2014/11/18 10:10:04  D  >>
2014/11/18 10:10:06  D    Lancio il database
2014/11/18 10:10:06  D    c:\Program Files (x86)\Sybase\SQL Anywhere 9\win32\dbsrv9.exe  -n dbpg d:\progetti\database\Vergani\gulliver.db -n gulliver -m d:\progetti\database\Vergani\comunicazioni.db -n comunicazioni -m d:\progetti\database\Vergani\semaforo.db -n semaforo
2014/11/18 10:10:06  D  <<
2014/11/18 10:14:10  D  >>
2014/11/18 10:14:18  D    Lancio il database
2014/11/18 10:14:18  D    c:\Program Files (x86)\Sybase\SQL Anywhere 9\win32\dbsrv9.exe  -n dbpg d:\progetti\database\Vergani\gulliver.db -n gulliver -m d:\progetti\database\Vergani\comunicazioni.db -n comunicazioni -m d:\progetti\database\Vergani\semaforo.db -n semaforo
2014/11/18 10:14:18  D  <<
2014/11/18 10:18:35  D  >>
2014/11/18 10:18:43  D    Recupero l'ultimo DB dalla cartella d:\progetti\database
2014/11/18 10:18:43  D    Trovato d:\progetti\database\Copia (1) 20140828_vergani.rar, data 20140829182800
2014/11/18 10:18:43  D    Backup della vecchia cartella d:\progetti\database\Vergani -> 
2014/11/18 10:18:43  E    FetchDB.fetch()::154 | Impossibile fare il backup della cartella d:\progetti\database\Vergani
2014/11/18 10:23:06  D  >>
2014/11/18 10:23:08  D    Recupero l'ultimo DB dalla cartella d:\progetti\database
2014/11/18 10:23:08  D    Trovato d:\progetti\database\Copia (1) 20140828_vergani.rar, data 20140829182800
2014/11/18 10:23:08  D    Backup della vecchia cartella d:\progetti\database\Vergani -> 
2014/11/18 10:23:08  E    FetchDB.fetch()::152 | Impossibile fare il backup della cartella d:\progetti\database\Vergani
2014/11/18 10:23:51  D  >>
2014/11/18 10:23:52  D    Recupero l'ultimo DB dalla cartella d:\progetti\database
2014/11/18 10:23:52  D    Trovato d:\progetti\database\Copia (1) 20140828_vergani.rar, data 20140829182800
2014/11/18 10:23:52  D    Backup della vecchia cartella d:\progetti\database\Vergani -> d:\progetti\database\Vergani_20141118102352
2014/11/18 10:23:52  E    FetchDB.fetch()::153 | Impossibile fare il backup della cartella d:\progetti\database\Vergani
2014/11/18 10:27:46  D  >>
2014/11/18 10:27:47  D    Recupero l'ultimo DB dalla cartella d:\progetti\database
2014/11/18 10:27:47  D    Trovato d:\progetti\database\Copia (1) 20140828_vergani.rar, data 20140829182800
2014/11/18 10:27:47  D    Backup della vecchia cartella d:\progetti\database\Vergani -> d:\progetti\database\Vergani_20141118102747
2014/11/18 10:27:47  E    FetchDB.fetch()::153 | Impossibile fare il backup della cartella d:\progetti\database\Vergani
2014/11/18 10:28:06  D  >>
2014/11/18 10:28:07  D    Recupero l'ultimo DB dalla cartella d:\progetti\database
2014/11/18 10:28:07  D    Trovato d:\progetti\database\Copia (1) 20140828_vergani.rar, data 20140829182800
2014/11/18 10:28:07  D    Backup della vecchia cartella d:\progetti\database\Vergani -> d:\progetti\database\Vergani_20141118102807
2014/11/18 10:28:07  D    Creo una nuova directory di destinazione d:\progetti\database\Vergani
2014/11/18 10:28:07  D    Copio il database da d:\progetti\database\Copia (1) 20140828_vergani.rar a d:\progetti\database\Vergani\Copia (1) 20140828_vergani.rar
2014/11/18 10:28:13  D    Il nuovo file archivio è ora d:\progetti\database\Vergani\Copia (1) 20140828_vergani.rar
2014/11/18 10:28:13  D    Scompatto il database in d:\progetti\database\Vergani\Copia (1) 20140828_vergani.rar
2014/11/18 10:28:13  D    "p:\build\Build68_PB11\Tools\7zip\7zip\7z.exe" e -y "d:\progetti\database\Vergani\Copia (1) 20140828_vergani.rar"
2014/11/18 10:29:31  D    Creo la directory cestino d:\progetti\database\Vergani\__cestino
2014/11/18 10:29:32  D    Elimino i file inutili, o rinomino facendo la lower 
2014/11/18 10:29:32  D    Copia (1) 20140828_vergani.rar -> __cestino\Copia (1) 20140828_vergani.rar
2014/11/18 10:29:32  D    Frequente.dbs -> frequente.dbs 
2014/11/18 10:29:32  D    LOG.TXT -> __cestino\LOG.TXT
2014/11/18 10:29:32  D    Semaforo.log -> semaforo.log 
2014/11/18 10:29:32  D    Statico.dbs -> statico.dbs 
2014/11/18 10:29:32  D    Storico.dbs -> storico.dbs 
2014/11/18 10:29:32  D    Volatile.dbs -> volatile.dbs 
2014/11/18 10:29:32  D    Tolgo attributi inutili a file e cartelle
2014/11/18 10:29:32  D    DB Comunicazioni non trovato
2014/11/18 10:29:32  D    d:\progetti\database\_comunicazioni\comunicazioni.db -> d:\progetti\database\Vergani
2014/11/18 10:29:41  D    Lancio il database
2014/11/18 10:29:41  D    c:\Program Files (x86)\Sybase\SQL Anywhere 9\win32\dbsrv9.exe  -n dbpg d:\progetti\database\Vergani\gulliver.db -n gulliver -m d:\progetti\database\Vergani\comunicazioni.db -n comunicazioni -m d:\progetti\database\Vergani\semaforo.db -n semaforo
2014/11/18 10:29:41  D  <<
2014/11/20 09:52:22  D  >>
2014/11/20 09:52:22  D    Recupero l'ultimo DB dalla cartella d:\progetti\database
2014/11/20 09:52:22  D    Trovato d:\progetti\database\dbstart.bat, data 20141022135301
2014/11/20 09:52:22  D    Backup della vecchia cartella d:\progetti\database\Vergani -> d:\progetti\database\Vergani_20141120215222
2014/11/20 09:52:22  D    Creo una nuova directory di destinazione d:\progetti\database\Vergani
2014/11/20 09:52:22  D    Copio il database da d:\progetti\database\dbstart.bat a d:\progetti\database\Vergani\dbstart.bat
2014/11/20 09:52:22  D    Il nuovo file archivio è ora d:\progetti\database\Vergani\dbstart.bat
2014/11/20 09:52:22  D    Scompatto il database in d:\progetti\database\Vergani\dbstart.bat
2014/11/20 09:52:22  D    "p:\build\Build68_PB11\Tools\7zip\7zip\7z.exe" e -y "d:\progetti\database\Vergani\dbstart.bat"
2014/11/20 09:52:22  D    Creo la directory cestino d:\progetti\database\Vergani\__cestino
2014/11/20 09:52:22  D    Elimino i file inutili, o rinomino facendo la lower 
2014/11/20 09:52:22  D    dbstart.bat -> __cestino\dbstart.bat
2014/11/20 09:52:22  D    Tolgo attributi inutili a file e cartelle
2014/11/20 09:52:22  D    DB Comunicazioni non trovato
2014/11/20 09:52:22  D    d:\progetti\database\_comunicazioni\comunicazioni.db -> d:\progetti\database\Vergani
2014/11/20 09:52:23  D    DB Semaforo non trovato
2014/11/20 09:52:23  D     -> d:\progetti\database\Vergani
2014/11/20 09:52:23  D    Lancio il database
2014/11/20 09:52:23  D    c:\Program Files (x86)\Sybase\SQL Anywhere 9\win32\dbsrv9.exe  -n dbpg d:\progetti\database\Vergani\gulliver.db -n gulliver -m d:\progetti\database\Vergani\comunicazioni.db -n comunicazioni -m d:\progetti\database\Vergani\semaforo.db -n semaforo
2014/11/20 09:52:23  D  <<
2014/11/20 09:52:27  D  >>
2014/11/20 09:52:27  D    Recupero l'ultimo DB dalla cartella d:\progetti\database
2014/11/20 09:52:27  D    Trovato d:\progetti\database\dbstart.bat, data 20141022135301
2014/11/20 09:52:27  D    Backup della vecchia cartella d:\progetti\database\Vergani -> d:\progetti\database\Vergani_20141120215227
2014/11/20 09:52:27  E    FetchDB.fetch()::155 | Impossibile fare il backup della cartella d:\progetti\database\Vergani
2014/11/20 09:52:44  D  >>
2014/11/20 09:52:44  D    Recupero l'ultimo DB dalla cartella d:\progetti\database
2014/11/20 09:52:44  D    Trovato d:\progetti\database\dbstart.bat, data 20141022135301
2014/11/20 09:52:44  D    Backup della vecchia cartella d:\progetti\database\Vergani -> d:\progetti\database\Vergani_20141120215244
2014/11/20 09:52:44  E    FetchDB.fetch()::155 | Impossibile fare il backup della cartella d:\progetti\database\Vergani
2014/11/20 09:53:54  D  >>
2014/11/20 09:53:54  D    Recupero l'ultimo DB dalla cartella d:\progetti\database
2014/11/20 09:53:54  D    Trovato d:\progetti\database\dbstart.bat, data 20141022135301
2014/11/20 09:53:54  D    Backup della vecchia cartella d:\progetti\database\Vergani -> d:\progetti\database\Vergani_20141120215354
2014/11/20 09:53:54  D    Creo una nuova directory di destinazione d:\progetti\database\Vergani
2014/11/20 09:53:54  D    Copio il database da d:\progetti\database\dbstart.bat a d:\progetti\database\Vergani\dbstart.bat
2014/11/20 09:53:54  D    Il nuovo file archivio è ora d:\progetti\database\Vergani\dbstart.bat
2014/11/20 09:53:54  D    Scompatto il database in d:\progetti\database\Vergani\dbstart.bat
2014/11/20 09:53:54  D    "p:\build\Build68_PB11\Tools\7zip\7zip\7z.exe" e -y "d:\progetti\database\Vergani\dbstart.bat"
2014/11/20 09:53:54  D    Creo la directory cestino d:\progetti\database\Vergani\__cestino
2014/11/20 09:53:54  D    Elimino i file inutili, o rinomino facendo la lower 
2014/11/20 09:53:54  D    dbstart.bat -> __cestino\dbstart.bat
2014/11/20 09:53:54  D    Tolgo attributi inutili a file e cartelle
2014/11/20 09:53:54  D    DB Comunicazioni non trovato
2014/11/20 09:53:54  D    d:\progetti\database\_comunicazioni\comunicazioni.db -> d:\progetti\database\Vergani
2014/11/20 09:53:54  D    DB Semaforo non trovato
2014/11/20 09:53:54  D     -> d:\progetti\database\Vergani
2014/11/20 09:53:54  D    Lancio il database
2014/11/20 09:53:54  D    c:\Program Files (x86)\Sybase\SQL Anywhere 9\win32\dbsrv9.exe  -n dbpg d:\progetti\database\Vergani\gulliver.db -n gulliver -m d:\progetti\database\Vergani\comunicazioni.db -n comunicazioni -m d:\progetti\database\Vergani\semaforo.db -n semaforo
2014/11/20 09:53:54  D  <<
2014/11/20 10:24:04  D  >>
2014/11/20 10:24:04  D    Recupero l'ultimo DB dalla cartella d:\progetti\database
2014/11/20 10:24:04  D    Trovato d:\progetti\database\dbstart.bat, data 20141022135301
2014/11/20 10:24:04  D    Backup della vecchia cartella d:\progetti\database\Vergani -> d:\progetti\database\Vergani_20141120222404
2014/11/20 10:24:04  E    FetchDB.fetch()::141 | Impossibile fare il backup della cartella d:\progetti\database\Vergani
2014/11/20 10:24:11  D  >>
2014/11/20 10:24:11  D    Recupero l'ultimo DB dalla cartella d:\progetti\database
2014/11/20 10:24:11  D    Trovato d:\progetti\database\dbstart.bat, data 20141022135301
2014/11/20 10:24:11  D    Backup della vecchia cartella d:\progetti\database\Vergani -> d:\progetti\database\Vergani_20141120222411
2014/11/20 10:24:11  E    FetchDB.fetch()::141 | Impossibile fare il backup della cartella d:\progetti\database\Vergani
2014/11/20 10:25:13  D  >>
2014/11/20 10:25:13  D    Recupero l'ultimo DB dalla cartella d:\progetti\database
2014/11/20 10:25:13  D    Trovato d:\progetti\database\dbstart.bat, data 20141022135301
2014/11/20 10:25:13  D    Backup della vecchia cartella d:\progetti\database\Vergani -> d:\progetti\database\Vergani_20141120222513
2014/11/20 10:25:13  E    FetchDB.fetch()::140 | Impossibile fare il backup della cartella d:\progetti\database\Vergani
2014/11/20 10:25:31  D  >>
2014/11/20 10:25:31  D    Recupero l'ultimo DB dalla cartella d:\progetti\database
2014/11/20 10:25:31  D    Trovato d:\progetti\database\dbstart.bat, data 20141022135301
2014/11/20 10:25:31  D    Backup della vecchia cartella d:\progetti\database\Vergani -> d:\progetti\database\Vergani_20141120222531
2014/11/20 10:25:31  D    Creo una nuova directory di destinazione d:\progetti\database\Vergani
2014/11/20 10:25:31  D    Copio il database da d:\progetti\database\dbstart.bat a d:\progetti\database\Vergani\dbstart.bat
2014/11/20 10:25:31  D    Il nuovo file archivio è ora d:\progetti\database\Vergani\dbstart.bat
2014/11/20 10:25:31  D    Scompatto il database in d:\progetti\database\Vergani\dbstart.bat
2014/11/20 10:25:31  D    "p:\build\Build68_PB11\Tools\7zip\7zip\7z.exe" e -y "d:\progetti\database\Vergani\dbstart.bat"
2014/11/20 10:25:31  D    Creo la directory cestino d:\progetti\database\Vergani\__cestino
2014/11/20 10:25:31  D    Elimino i file inutili, o rinomino facendo la lower 
2014/11/20 10:25:31  D    dbstart.bat -> __cestino\dbstart.bat
2014/11/20 10:25:31  D    Tolgo attributi inutili a file e cartelle
2014/11/20 10:25:31  D    DB Comunicazioni non trovato
2014/11/20 10:25:31  D    d:\progetti\database\_comunicazioni\comunicazioni.db -> d:\progetti\database\Vergani
2014/11/20 10:25:31  D    DB Semaforo non trovato
2014/11/20 10:25:31  D     -> d:\progetti\database\Vergani
2014/11/20 10:25:31  D    Lancio il database
2014/11/20 10:25:31  D    c:\Program Files (x86)\Sybase\SQL Anywhere 9\win32\dbsrv9.exe  -n dbpg d:\progetti\database\Vergani\gulliver.db -n gulliver -m d:\progetti\database\Vergani\comunicazioni.db -n comunicazioni -m d:\progetti\database\Vergani\semaforo.db -n semaforo
2014/11/20 10:25:31  D  <<
2014/11/20 10:28:06  D  >>
2014/11/20 10:28:06  D    Recupero l'ultimo DB dalla cartella d:\progetti\database
2014/11/20 10:28:11  D    Trovato d:\progetti\database\dbstart.bat, data 20141022135301
2014/11/20 10:28:11  D    Backup della vecchia cartella d:\progetti\database\Vergani -> d:\progetti\database\Vergani_20141120222811
2014/11/20 10:28:11  D    Creo una nuova directory di destinazione d:\progetti\database\Vergani
2014/11/20 10:28:11  D    Copio il database da d:\progetti\database\dbstart.bat a d:\progetti\database\Vergani\dbstart.bat
2014/11/20 10:28:11  D    Il nuovo file archivio è ora d:\progetti\database\Vergani\dbstart.bat
2014/11/20 10:28:11  D    Scompatto il database in d:\progetti\database\Vergani\dbstart.bat
2014/11/20 10:28:11  D    "p:\build\Build68_PB11\Tools\7zip\7zip\7z.exe" e -y "d:\progetti\database\Vergani\dbstart.bat"
2014/11/20 10:28:11  D    Creo la directory cestino d:\progetti\database\Vergani\__cestino
2014/11/20 10:28:11  D    Elimino i file inutili, o rinomino facendo la lower 
2014/11/20 10:28:11  D    dbstart.bat -> __cestino\dbstart.bat
2014/11/20 10:28:11  D    Tolgo attributi inutili a file e cartelle
2014/11/20 10:28:11  D    DB Comunicazioni non trovato
2014/11/20 10:28:11  D    d:\progetti\database\_comunicazioni\comunicazioni.db -> d:\progetti\database\Vergani
2014/11/20 10:28:11  D    DB Semaforo non trovato
2014/11/20 10:28:11  D     -> d:\progetti\database\Vergani
2014/11/20 10:28:11  D    Lancio il database
2014/11/20 10:28:11  D    c:\Program Files (x86)\Sybase\SQL Anywhere 9\win32\dbsrv9.exe  -n dbpg d:\progetti\database\Vergani\gulliver.db -n gulliver -m d:\progetti\database\Vergani\comunicazioni.db -n comunicazioni -m d:\progetti\database\Vergani\semaforo.db -n semaforo
2014/11/20 10:28:11  D  <<
2014/11/20 10:29:32  D  >>
2014/11/20 10:29:32  D    Recupero l'ultimo DB dalla cartella d:\progetti\database
2014/11/20 10:29:33  D    Trovato d:\progetti\database\dbstart.bat, data 20141022135301
2014/11/20 10:29:33  D    Backup della vecchia cartella d:\progetti\database\Vergani -> d:\progetti\database\Vergani_20141120222933
2014/11/20 10:29:33  E    FetchDB.fetch()::140 | Impossibile fare il backup della cartella d:\progetti\database\Vergani
2014/11/20 10:30:06  D  >>
2014/11/20 10:30:06  D    Recupero l'ultimo DB dalla cartella d:\progetti\database
2014/11/20 10:30:12  D    Trovato d:\progetti\database\dbstart.bat, data 20141022135301
2014/11/20 10:30:12  D    Backup della vecchia cartella d:\progetti\database\Vergani -> d:\progetti\database\Vergani_20141120223012
2014/11/20 10:30:12  E    FetchDB.fetch()::141 | Impossibile fare il backup della cartella d:\progetti\database\Vergani
2014/11/20 10:30:22  D  >>
2014/11/20 10:30:22  D    Recupero l'ultimo DB dalla cartella d:\progetti\database
2014/11/20 10:30:34  D    Trovato d:\progetti\database\dbstart.bat, data 20141022135301
2014/11/20 10:30:34  D    Backup della vecchia cartella d:\progetti\database\Vergani -> d:\progetti\database\Vergani_20141120223034
2014/11/20 10:30:34  E    FetchDB.fetch()::141 | Impossibile fare il backup della cartella d:\progetti\database\Vergani
2014/11/20 10:31:16  D  >>
2014/11/20 10:31:16  D    Recupero l'ultimo DB dalla cartella d:\progetti\database
2014/11/20 10:31:20  D    Trovato d:\progetti\database\dbstart.bat, data 20141022135301
2014/11/20 10:31:20  D    Backup della vecchia cartella d:\progetti\database\Vergani -> d:\progetti\database\Vergani_20141120223120
2014/11/20 10:31:20  E    FetchDB.fetch()::141 | Impossibile fare il backup della cartella d:\progetti\database\Vergani
2014/11/20 10:32:17  D  >>
2014/11/20 10:32:17  D    Recupero l'ultimo DB dalla cartella d:\progetti\database
2014/11/20 10:32:22  D    Trovato d:\progetti\database\dbstart.bat, data 20141022135301
2014/11/20 10:32:22  D    Backup della vecchia cartella d:\progetti\database\Vergani -> d:\progetti\database\Vergani_20141120223222
2014/11/20 10:32:22  E    FetchDB.fetch()::141 | Impossibile fare il backup della cartella d:\progetti\database\Vergani
2014/11/20 10:32:39  D  >>
2014/11/20 10:32:39  D    Recupero l'ultimo DB dalla cartella d:\progetti\database
2014/11/20 10:32:42  D    Trovato d:\progetti\database\dbstart.bat, data 20141022135301
2014/11/20 10:32:42  D    Backup della vecchia cartella d:\progetti\database\Vergani -> d:\progetti\database\Vergani_20141120223242
2014/11/20 10:32:42  E    FetchDB.fetch()::141 | Impossibile fare il backup della cartella d:\progetti\database\Vergani
2014/11/20 10:33:01  D  >>
2014/11/20 10:33:01  D    Recupero l'ultimo DB dalla cartella d:\progetti\database
2014/11/20 10:33:07  D    Trovato d:\progetti\database\dbstart.bat, data 20141022135301
2014/11/20 10:33:07  D    Backup della vecchia cartella d:\progetti\database\Vergani -> d:\progetti\database\Vergani_20141120223307
2014/11/20 10:33:07  E    FetchDB.fetch()::141 | Impossibile fare il backup della cartella d:\progetti\database\Vergani
2014/11/20 10:33:29  D  >>
2014/11/20 10:33:29  D    Recupero l'ultimo DB dalla cartella d:\progetti\database
2014/11/20 10:33:33  D    Trovato d:\progetti\database\Copia (1) 20140828_vergani.rar, data 20140829182800
2014/11/20 10:33:33  D    Backup della vecchia cartella d:\progetti\database\Vergani -> d:\progetti\database\Vergani_20141120223333
2014/11/20 10:33:33  E    FetchDB.fetch()::141 | Impossibile fare il backup della cartella d:\progetti\database\Vergani
2014/11/20 10:34:34  D  >>
2014/11/20 10:34:34  D    Recupero l'ultimo DB dalla cartella d:\progetti\database
2014/11/20 10:34:38  D    Trovato d:\progetti\database\dbstart.bat, data 20141022135301
2014/11/20 10:34:38  D    Backup della vecchia cartella d:\progetti\database\Vergani -> d:\progetti\database\Vergani_20141120223438
2014/11/20 10:34:38  E    FetchDB.fetch()::141 | Impossibile fare il backup della cartella d:\progetti\database\Vergani
2014/11/20 10:35:17  D  >>
2014/11/20 10:35:17  D    Recupero l'ultimo DB dalla cartella d:\progetti\database
2014/11/20 10:35:19  D    Trovato d:\progetti\database\Copia (1) 20140828_vergani.rar, data 20140829182800
2014/11/20 10:35:19  D    Backup della vecchia cartella d:\progetti\database\Vergani -> d:\progetti\database\Vergani_20141120223519
2014/11/20 10:35:19  E    FetchDB.fetch()::141 | Impossibile fare il backup della cartella d:\progetti\database\Vergani
2014/11/20 10:36:03  D  >>
2014/11/20 10:36:03  D    Recupero l'ultimo DB dalla cartella d:\progetti\database
2014/11/20 10:36:06  D    Trovato d:\progetti\database\Copia (1) 20140828_vergani.rar, data 20140829182800
2014/11/20 10:36:06  D    Backup della vecchia cartella d:\progetti\database\Vergani -> d:\progetti\database\Vergani_20141120223606
2014/11/20 10:36:06  E    FetchDB.fetch()::141 | Impossibile fare il backup della cartella d:\progetti\database\Vergani
2014/11/20 10:36:45  D  >>
2014/11/20 10:36:45  D    Recupero l'ultimo DB dalla cartella d:\progetti\database
2014/11/20 10:36:50  D    Trovato d:\progetti\database\Copia (1) 20140828_vergani.rar, data 20140829182800
2014/11/20 10:36:50  D    Backup della vecchia cartella d:\progetti\database\Vergani -> d:\progetti\database\Vergani_20141120223650
2014/11/20 10:36:50  E    FetchDB.fetch()::141 | Impossibile fare il backup della cartella d:\progetti\database\Vergani
2014/11/20 10:37:42  D  >>
2014/11/20 10:37:42  D    Recupero l'ultimo DB dalla cartella d:\progetti\database
2014/11/20 10:37:46  D    Trovato d:\progetti\database\Copia (1) 20140828_vergani.rar, data 20140829182800
2014/11/20 10:37:46  D    Backup della vecchia cartella d:\progetti\database\Vergani -> d:\progetti\database\Vergani_20141120223746
2014/11/20 10:37:46  D    Creo una nuova directory di destinazione d:\progetti\database\Vergani
2014/11/20 10:37:46  D    Copio il database da d:\progetti\database\Copia (1) 20140828_vergani.rar a d:\progetti\database\Vergani\Copia (1) 20140828_vergani.rar
2014/11/20 10:37:51  D    Il nuovo file archivio è ora d:\progetti\database\Vergani\Copia (1) 20140828_vergani.rar
2014/11/20 10:37:51  D    Scompatto il database in d:\progetti\database\Vergani\Copia (1) 20140828_vergani.rar
2014/11/20 10:37:51  D    "p:\build\Build68_PB11\Tools\7zip\7zip\7z.exe" e -y "d:\progetti\database\Vergani\Copia (1) 20140828_vergani.rar"
2014/11/20 10:38:56  D    Creo la directory cestino d:\progetti\database\Vergani\__cestino
2014/11/20 10:38:56  D    Elimino i file inutili, o rinomino facendo la lower 
2014/11/20 10:38:56  D    Copia (1) 20140828_vergani.rar -> __cestino\Copia (1) 20140828_vergani.rar
2014/11/20 10:38:56  D    Frequente.dbs -> frequente.dbs 
2014/11/20 10:38:56  D    LOG.TXT -> __cestino\LOG.TXT
2014/11/20 10:38:56  D    Semaforo.log -> semaforo.log 
2014/11/20 10:38:57  D    Statico.dbs -> statico.dbs 
2014/11/20 10:38:57  D    Storico.dbs -> storico.dbs 
2014/11/20 10:38:58  D    Volatile.dbs -> volatile.dbs 
2014/11/20 10:38:58  D    Tolgo attributi inutili a file e cartelle
2014/11/20 10:38:58  D    DB Comunicazioni non trovato
2014/11/20 10:38:58  D    d:\progetti\database\_comunicazioni\comunicazioni.db -> d:\progetti\database\Vergani
2014/11/20 10:38:58  D    Lancio il database
2014/11/20 10:38:58  D    c:\Program Files (x86)\Sybase\SQL Anywhere 9\win32\dbsrv9.exe  -n dbpg d:\progetti\database\Vergani\gulliver.db -n gulliver -m d:\progetti\database\Vergani\comunicazioni.db -n comunicazioni -m d:\progetti\database\Vergani\semaforo.db -n semaforo
2014/11/20 10:38:59  D  <<
2014/11/20 10:42:13  D  >>
2014/11/20 10:42:13  D    Recupero l'ultimo DB dalla cartella d:\progetti\database
2014/11/20 10:42:13  D    Trovato d:\progetti\database\Copia (1) 20140828_vergani.rar, data 20140829182800
2014/11/20 10:42:13  D    Backup della vecchia cartella d:\progetti\database\Vergani -> d:\progetti\database\Vergani_20141120224213
2014/11/20 10:42:13  D    Creo una nuova directory di destinazione d:\progetti\database\Vergani
2014/11/20 10:42:13  D    Copio il database da d:\progetti\database\Copia (1) 20140828_vergani.rar a d:\progetti\database\Vergani\Copia (1) 20140828_vergani.rar
2014/11/20 10:42:13  D    Il nuovo file archivio è ora d:\progetti\database\Vergani\Copia (1) 20140828_vergani.rar
2014/11/20 10:42:13  D    Scompatto il database in d:\progetti\database\Vergani\Copia (1) 20140828_vergani.rar
2014/11/20 10:42:13  D    "p:\build\Build68_PB11\Tools\7zip\7zip\7z.exe" e -y "d:\progetti\database\Vergani\Copia (1) 20140828_vergani.rar"
2014/11/20 10:43:17  D    Creo la directory cestino d:\progetti\database\Vergani\__cestino
2014/11/20 10:43:17  D    Elimino i file inutili, o rinomino facendo la lower 
2014/11/20 10:43:17  D    Copia (1) 20140828_vergani.rar -> __cestino\Copia (1) 20140828_vergani.rar
2014/11/20 10:43:17  D    Frequente.dbs -> frequente.dbs 
2014/11/20 10:43:17  D    LOG.TXT -> __cestino\LOG.TXT
2014/11/20 10:43:17  D    Semaforo.log -> semaforo.log 
2014/11/20 10:43:17  D    Statico.dbs -> statico.dbs 
2014/11/20 10:43:17  D    Storico.dbs -> storico.dbs 
2014/11/20 10:43:18  D    Volatile.dbs -> volatile.dbs 
2014/11/20 10:43:18  D    Tolgo attributi inutili a file e cartelle
2014/11/20 10:43:18  D    DB Comunicazioni non trovato
2014/11/20 10:43:18  D    d:\progetti\database\_comunicazioni\comunicazioni.db -> d:\progetti\database\Vergani
2014/11/20 10:43:19  D    Lancio il database
2014/11/20 10:43:19  D    c:\Program Files (x86)\Sybase\SQL Anywhere 9\win32\dbsrv9.exe  -n dbpg d:\progetti\database\Vergani\gulliver.db -n gulliver -m d:\progetti\database\Vergani\comunicazioni.db -n comunicazioni -m d:\progetti\database\Vergani\semaforo.db -n semaforo
2014/11/20 10:43:19  D  <<
